Traceback (most recent call last):
  File "/home/runner/.local/lib/python3.10/site-packages/jupyter_cache/executors/utils.py", line 58, in single_nb_execution
    executenb(
  File "/home/runner/.local/lib/python3.10/site-packages/nbclient/client.py", line 1314, in execute
    return NotebookClient(nb=nb, resources=resources, km=km, **kwargs).execute()
  File "/home/runner/.local/lib/python3.10/site-packages/jupyter_core/utils/__init__.py", line 165, in wrapped
    return loop.run_until_complete(inner)
  File "/usr/lib/python3.10/asyncio/base_events.py", line 649, in run_until_complete
    return future.result()
  File "/home/runner/.local/lib/python3.10/site-packages/nbclient/client.py", line 709, in async_execute
    await self.async_execute_cell(
  File "/home/runner/.local/lib/python3.10/site-packages/nbclient/client.py", line 1062, in async_execute_cell
    await self._check_raise_for_error(cell, cell_index, exec_reply)
  File "/home/runner/.local/lib/python3.10/site-packages/nbclient/client.py", line 918, in _check_raise_for_error
    raise CellExecutionError.from_cell_and_msg(cell, exec_reply_content)
nbclient.exceptions.CellExecutionError: An error occurred while executing the following cell:
------------------

# Set the seed for reproducibility
torch.random.manual_seed(3407)

# Define the system
k = 1560
m = 0.9
total_steps = 300
step = 1 / total_steps

A = np.array(
    [
        [0, 1],
        [-k/m, 0]
    ]
)

C = np.array([[1.0, 0]])
B = np.array([[0], [1/m]])
D = np.array([[0]])

sys = ctrl.ss(
    A,
    B,
    C,
    D,
)

# Discretize the system
sys_d = sys.sample(Ts=step, method='bilinear')

A_d, B_d, C_d, D_d = sys_d.A, sys_d.B, sys_d.C, sys_d.D

mag, phase, omega = ctrl.bode(
    sys,
    dB=True,
    Hz=True,
    margins=False
)
------------------


[0;31m---------------------------------------------------------------------------[0m
[0;31mValueError[0m                                Traceback (most recent call last)
Cell [0;32mIn[3], line 33[0m
[1;32m     29[0m sys_d [38;5;241m=[39m sys[38;5;241m.[39msample(Ts[38;5;241m=[39mstep, method[38;5;241m=[39m[38;5;124m'[39m[38;5;124mbilinear[39m[38;5;124m'[39m)
[1;32m     31[0m A_d, B_d, C_d, D_d [38;5;241m=[39m sys_d[38;5;241m.[39mA, sys_d[38;5;241m.[39mB, sys_d[38;5;241m.[39mC, sys_d[38;5;241m.[39mD
[0;32m---> 33[0m mag, phase, omega [38;5;241m=[39m ctrl[38;5;241m.[39mbode(
[1;32m     34[0m     sys,
[1;32m     35[0m     dB[38;5;241m=[39m[38;5;28;01mTrue[39;00m,
[1;32m     36[0m     Hz[38;5;241m=[39m[38;5;28;01mTrue[39;00m,
[1;32m     37[0m     margins[38;5;241m=[39m[38;5;28;01mFalse[39;00m
[1;32m     38[0m )

[0;31mValueError[0m: not enough values to unpack (expected 3, got 2)

